TN:
SF:server\src\app.js
FN:11,paginateArray
FN:19,(anonymous_1)
FN:20,(anonymous_2)
FN:40,(anonymous_3)
FN:53,(anonymous_4)
FN:63,(anonymous_5)
FN:79,(anonymous_6)
FN:93,(anonymous_7)
FN:98,(anonymous_8)
FNF:9
FNH:6
FNDA:4,paginateArray
FNDA:0,(anonymous_1)
FNDA:2,(anonymous_2)
FNDA:4,(anonymous_3)
FNDA:2,(anonymous_4)
FNDA:2,(anonymous_5)
FNDA:1,(anonymous_6)
FNDA:0,(anonymous_7)
FNDA:0,(anonymous_8)
DA:1,1
DA:2,1
DA:3,1
DA:4,1
DA:6,1
DA:7,1
DA:8,1
DA:12,4
DA:13,4
DA:14,4
DA:15,4
DA:19,1
DA:20,1
DA:21,2
DA:22,2
DA:23,2
DA:24,1
DA:26,1
DA:27,1
DA:34,1
DA:36,0
DA:40,1
DA:41,4
DA:42,4
DA:43,4
DA:44,4
DA:45,4
DA:46,4
DA:47,4
DA:49,0
DA:53,1
DA:54,2
DA:55,2
DA:56,2
DA:57,1
DA:59,0
DA:63,1
DA:64,2
DA:65,2
DA:66,2
DA:67,2
DA:69,1
DA:70,1
DA:71,1
DA:72,1
DA:73,1
DA:75,0
DA:79,1
DA:80,1
DA:81,1
DA:82,1
DA:83,1
DA:84,1
DA:85,1
DA:87,0
DA:92,1
DA:93,1
DA:94,0
DA:95,0
DA:98,1
DA:99,0
DA:100,0
DA:101,0
DA:106,1
DA:107,1
DA:109,1
LF:66
LH:56
BRDA:11,0,0,0
BRDA:11,1,0,0
BRDA:12,2,0,4
BRDA:12,2,1,0
BRDA:13,3,0,4
BRDA:13,3,1,0
BRDA:22,4,0,2
BRDA:22,4,1,0
BRDA:23,5,0,1
BRDA:23,5,1,1
BRDA:23,6,0,2
BRDA:23,6,1,1
BRDA:23,6,2,1
BRDA:26,7,0,1
BRDA:26,7,1,0
BRDA:42,8,0,2
BRDA:42,9,0,2
BRDA:44,10,0,1
BRDA:44,10,1,3
BRDA:56,11,0,1
BRDA:56,11,1,1
BRDA:66,12,0,0
BRDA:66,12,1,2
BRDA:67,13,0,1
BRDA:67,13,1,1
BRDA:69,14,0,1
BRDA:69,14,1,0
BRDA:70,15,0,1
BRDA:70,15,1,0
BRDA:71,16,0,1
BRDA:71,16,1,0
BRDA:82,17,0,0
BRDA:82,17,1,1
BRDA:83,18,0,0
BRDA:83,18,1,1
BRDA:92,19,0,1
BRDA:92,19,1,0
BRDA:94,20,0,0
BRDA:94,20,1,0
BRDA:99,21,0,0
BRDA:99,21,1,0
BRF:41
BRH:24
end_of_record
TN:
SF:server\src\middleware\errorHandler.js
FN:1,requestLogger
FN:3,(anonymous_1)
FN:13,notFound
FN:18,errorHandler
FNF:4
FNH:2
FNDA:14,requestLogger
FNDA:14,(anonymous_1)
FNDA:0,notFound
FNDA:0,errorHandler
DA:2,14
DA:3,14
DA:4,14
DA:5,14
DA:8,14
DA:10,14
DA:14,0
DA:20,0
DA:21,0
DA:24,1
LF:10
LH:7
BRDA:21,0,0,0
BRDA:21,0,1,0
BRDA:21,1,0,0
BRDA:21,1,1,0
BRF:4
BRH:0
end_of_record
TN:
SF:server\src\models\Post.js
FN:4,(anonymous_0)
FN:13,(anonymous_1)
FN:26,(anonymous_2)
FN:32,(anonymous_3)
FN:40,(anonymous_4)
FN:45,(anonymous_5)
FN:46,(anonymous_6)
FN:47,(anonymous_7)
FN:55,(anonymous_8)
FN:60,(anonymous_9)
FN:64,(anonymous_10)
FNF:11
FNH:10
FNDA:22,(anonymous_0)
FNDA:44,(anonymous_1)
FNDA:18,(anonymous_2)
FNDA:1,(anonymous_3)
FNDA:6,(anonymous_4)
FNDA:4,(anonymous_5)
FNDA:41,(anonymous_6)
FNDA:41,(anonymous_7)
FNDA:1,(anonymous_8)
FNDA:1,(anonymous_9)
FNDA:0,(anonymous_10)
DA:1,1
DA:5,22
DA:6,22
DA:7,22
DA:8,22
DA:9,22
DA:10,22
DA:14,44
DA:24,1
DA:27,18
DA:28,18
DA:29,18
DA:33,1
DA:34,1
DA:35,15
DA:37,1
DA:41,6
DA:42,6
DA:46,41
DA:47,4
DA:48,41
DA:49,3
DA:51,39
DA:56,1
DA:57,1
DA:61,1
DA:65,0
DA:69,1
LF:28
LH:27
BRDA:5,0,0,22
BRDA:5,0,1,18
BRDA:42,1,0,4
BRDA:42,1,1,2
BRDA:45,2,0,0
BRDA:49,3,0,2
BRDA:49,3,1,1
BRF:7
BRH:6
end_of_record
TN:
SF:server\src\models\User.js
FN:4,(anonymous_0)
FN:11,(anonymous_1)
FN:17,(anonymous_2)
FN:23,(anonymous_3)
FNF:4
FNH:2
FNDA:2,(anonymous_0)
FNDA:0,(anonymous_1)
FNDA:2,(anonymous_2)
FNDA:0,(anonymous_3)
DA:1,1
DA:5,2
DA:6,2
DA:7,2
DA:8,2
DA:12,0
DA:15,1
DA:18,2
DA:19,2
DA:20,2
DA:24,0
DA:28,1
LF:12
LH:10
BRDA:5,0,0,2
BRDA:5,0,1,2
BRDA:24,1,0,0
BRDA:24,1,1,0
BRF:4
BRH:2
end_of_record
TN:
SF:server\src\utils\auth.js
FN:5,generateToken
FN:9,authMiddleware
FNF:2
FNH:2
FNDA:2,generateToken
FNDA:8,authMiddleware
DA:1,1
DA:3,1
DA:6,2
DA:10,8
DA:11,8
DA:12,8
DA:13,3
DA:15,5
DA:16,5
DA:17,5
DA:18,5
DA:20,0
DA:24,1
LF:13
LH:12
BRDA:3,0,0,1
BRDA:3,0,1,1
BRDA:10,1,0,8
BRDA:10,1,1,3
BRDA:12,2,0,3
BRDA:12,2,1,5
BRDA:12,3,0,8
BRDA:12,3,1,5
BRF:8
BRH:8
end_of_record
